Copyright 1986-2018 Xilinx, Inc. All Rights Reserved.
----------------------------------------------------------------------------------------
| Tool Version : Vivado v.2018.2 (win64) Build 2258646 Thu Jun 14 20:03:12 MDT 2018
| Date         : Thu Jun 15 16:07:42 2023
| Host         : LAPTOP-1ETQKVLM running 64-bit major release  (build 9200)
| Command      : report_control_sets -verbose -file LC3Zybo_top_control_sets_placed.rpt
| Design       : LC3Zybo_top
| Device       : xc7z010
----------------------------------------------------------------------------------------

Control Set Information

Table of Contents
-----------------
1. Summary
2. Histogram
3. Flip-Flop Distribution
4. Detailed Control Set Information

1. Summary
----------

+----------------------------------------------------------+-------+
|                          Status                          | Count |
+----------------------------------------------------------+-------+
| Number of unique control sets                            |    77 |
| Unused register locations in slices containing registers |    70 |
+----------------------------------------------------------+-------+


2. Histogram
------------

+--------+--------------+
| Fanout | Control Sets |
+--------+--------------+
|      2 |            4 |
|      6 |            1 |
|      8 |            9 |
|     10 |            1 |
|     14 |            1 |
|    16+ |           61 |
+--------+--------------+


3. Flip-Flop Distribution
-------------------------

+--------------+-----------------------+------------------------+-----------------+--------------+
| Clock Enable | Synchronous Set/Reset | Asynchronous Set/Reset | Total Registers | Total Slices |
+--------------+-----------------------+------------------------+-----------------+--------------+
| No           | No                    | No                     |            2646 |          367 |
| No           | No                    | Yes                    |              92 |           16 |
| No           | Yes                   | No                     |              14 |            2 |
| Yes          | No                    | No                     |             758 |          213 |
| Yes          | No                    | Yes                    |             612 |          111 |
| Yes          | Yes                   | No                     |               0 |            0 |
+--------------+-----------------------+------------------------+-----------------+--------------+


4. Detailed Control Set Information
-----------------------------------

+---------------------------------------------------------------------------+---------------------------------------------------------------------------------------------------+-----------------------------------------------------------------------------+------------------+----------------+
|                                Clock Signal                               |                                           Enable Signal                                           |                               Set/Reset Signal                              | Slice Load Count | Bel Load Count |
+---------------------------------------------------------------------------+---------------------------------------------------------------------------------------------------+-----------------------------------------------------------------------------+------------------+----------------+
|  Inst_ZyboVIOSE_wrapper/Inst_ZyboVIO_SE/jclk_BUFG                         | Inst_ZyboVIOSE_wrapper/Inst_ZyboVIO_SE/gen_7seg_detect[2].Inst_sample_tick/Inst_timer/_n0015<16>1 |                                                                             |                1 |              2 |
|  Inst_ZyboVIOSE_wrapper/Inst_ZyboVIO_SE/jclk_BUFG                         | Inst_ZyboVIOSE_wrapper/Inst_ZyboVIO_SE/gen_7seg_detect[3].Inst_sample_tick/Inst_timer/_n0015<16>1 |                                                                             |                1 |              2 |
|  Inst_ZyboVIOSE_wrapper/Inst_ZyboVIO_SE/jclk_BUFG                         | Inst_ZyboVIOSE_wrapper/Inst_ZyboVIO_SE/gen_7seg_detect[0].Inst_sample_tick/Inst_timer/_n0015<16>1 |                                                                             |                1 |              2 |
|  Inst_ZyboVIOSE_wrapper/Inst_ZyboVIO_SE/jclk_BUFG                         | Inst_ZyboVIOSE_wrapper/Inst_ZyboVIO_SE/gen_7seg_detect[1].Inst_sample_tick/Inst_timer/_n0015<16>1 |                                                                             |                1 |              2 |
|  Inst_ZyboVIOSE_wrapper/Inst_ZyboVIO_SE/clk_BUFG                          | Inst_student_code/Inst_lc3_computer/lc3_m/E[0]                                                    |                                                                             |                1 |              6 |
|  Inst_ZyboVIOSE_wrapper/Inst_ZyboVIO_SE/clk_BUFG                          | Inst_ZyboVIOSE_wrapper/Inst_ZyboVIO_SE/rx_fifo/_n0245_inv                                         | Inst_ZyboVIOSE_wrapper/Inst_ZyboVIO_SE/Inst_jtag_chainSerial/fromPCReg[0]   |                1 |              8 |
|  Inst_student_code/Inst_lc3_computer/lc3_m/ram_reg_1_7[0]                 |                                                                                                   |                                                                             |                1 |              8 |
|  Inst_ZyboVIOSE_wrapper/Inst_ZyboVIO_SE/clk_BUFG                          | Inst_student_code/Inst_lc3_computer/LC3_UART/uart_tx_unit/s_next                                  |                                                                             |                2 |              8 |
|  Inst_ZyboVIOSE_wrapper/Inst_ZyboVIO_SE/clk_BUFG                          | Inst_student_code/Inst_lc3_computer/LC3_UART/uart_rx_unit/s_next                                  |                                                                             |                2 |              8 |
|  Inst_ZyboVIOSE_wrapper/Inst_ZyboVIO_SE/clk_BUFG                          | Inst_ZyboVIOSE_wrapper/Inst_ZyboVIO_SE/tx_fifo/_n0245_inv                                         | Inst_ZyboVIOSE_wrapper/Inst_ZyboVIO_SE/Inst_jtag_chainSerial/fromPCReg[0]   |                2 |              8 |
|  Inst_ZyboVIOSE_wrapper/Inst_ZyboVIO_SE/clk_BUFG                          |                                                                                                   | Inst_ZyboVIOSE_wrapper/Inst_ZyboVIO_SE/Inst_jtag_chainSerial/fromPCReg[0]   |                3 |              8 |
|  Inst_ZyboVIOSE_wrapper/Inst_ZyboVIO_SE/clk_BUFG                          |                                                                                                   | Inst_ZyboVIOSE_wrapper/reset                                                |                3 |              8 |
|  Inst_ZyboVIOSE_wrapper/Inst_ZyboVIO_SE/clk_BUFG                          | Inst_ZyboVIOSE_wrapper/Inst_ZyboVIO_SE/tx_fifo/_n0256_inv                                         | Inst_ZyboVIOSE_wrapper/Inst_ZyboVIO_SE/Inst_jtag_chainSerial/fromPCReg[0]   |                1 |              8 |
|  Inst_ZyboVIOSE_wrapper/Inst_ZyboVIO_SE/clk_BUFG                          | Inst_ZyboVIOSE_wrapper/Inst_ZyboVIO_SE/rx_fifo/_n0256_inv                                         | Inst_ZyboVIOSE_wrapper/Inst_ZyboVIO_SE/Inst_jtag_chainSerial/fromPCReg[0]   |                2 |              8 |
|  Inst_ZyboVIOSE_wrapper/Inst_ZyboVIO_SE/clk_BUFG                          | Inst_student_code/Inst_lc3_computer/lc3_m/lc3_1/_n1366_inv                                        |                                                                             |                2 |             10 |
|  Inst_ZyboVIOSE_wrapper/Inst_ZyboVIO_SE/clk_BUFG                          |                                                                                                   | Inst_student_code/Inst_lc3_computer/LC3_UART/baud_gen_unit/r_reg[7]_i_1_n_0 |                2 |             14 |
|  Inst_ZyboVIOSE_wrapper/Inst_ZyboVIO_SE/clk_BUFG                          | Inst_ZyboVIOSE_wrapper/Inst_ZyboVIO_SE/rx_fifo/_n0194_inv                                         | Inst_ZyboVIOSE_wrapper/Inst_ZyboVIO_SE/Inst_jtag_chainSerial/fromPCReg[0]   |                1 |             16 |
|  Inst_ZyboVIOSE_wrapper/Inst_ZyboVIO_SE/clk_BUFG                          | Inst_ZyboVIOSE_wrapper/Inst_ZyboVIO_SE/tx_fifo/_n0198_inv                                         | Inst_ZyboVIOSE_wrapper/Inst_ZyboVIO_SE/Inst_jtag_chainSerial/fromPCReg[0]   |                4 |             16 |
|  Inst_ZyboVIOSE_wrapper/Inst_ZyboVIO_SE/clk_BUFG                          |                                                                                                   | my_debounce[0].Inst_debounce1/out[0]                                        |                2 |             16 |
|  Inst_ZyboVIOSE_wrapper/Inst_ZyboVIO_SE/clk_BUFG                          | Inst_ZyboVIOSE_wrapper/Inst_ZyboVIO_SE/rx_fifo/_n0238_inv                                         | Inst_ZyboVIOSE_wrapper/Inst_ZyboVIO_SE/Inst_jtag_chainSerial/fromPCReg[0]   |                3 |             16 |
|  Inst_ZyboVIOSE_wrapper/Inst_ZyboVIO_SE/clk_BUFG                          | Inst_ZyboVIOSE_wrapper/Inst_ZyboVIO_SE/rx_fifo/_n0210_inv                                         | Inst_ZyboVIOSE_wrapper/Inst_ZyboVIO_SE/Inst_jtag_chainSerial/fromPCReg[0]   |                2 |             16 |
|  Inst_ZyboVIOSE_wrapper/Inst_ZyboVIO_SE/clk_BUFG                          | Inst_ZyboVIOSE_wrapper/Inst_ZyboVIO_SE/rx_fifo/_n0218_inv                                         | Inst_ZyboVIOSE_wrapper/Inst_ZyboVIO_SE/Inst_jtag_chainSerial/fromPCReg[0]   |                2 |             16 |
|  Inst_ZyboVIOSE_wrapper/Inst_ZyboVIO_SE/clk_BUFG                          | Inst_ZyboVIOSE_wrapper/Inst_ZyboVIO_SE/rx_fifo/_n0186_inv                                         | Inst_ZyboVIOSE_wrapper/Inst_ZyboVIO_SE/Inst_jtag_chainSerial/fromPCReg[0]   |                3 |             16 |
|  Inst_ZyboVIOSE_wrapper/Inst_ZyboVIO_SE/clk_BUFG                          | Inst_ZyboVIOSE_wrapper/Inst_ZyboVIO_SE/rx_fifo/_n0198_inv                                         | Inst_ZyboVIOSE_wrapper/Inst_ZyboVIO_SE/Inst_jtag_chainSerial/fromPCReg[0]   |                5 |             16 |
|  Inst_ZyboVIOSE_wrapper/Inst_ZyboVIO_SE/clk_BUFG                          | Inst_ZyboVIOSE_wrapper/Inst_ZyboVIO_SE/rx_fifo/_n0214_inv                                         | Inst_ZyboVIOSE_wrapper/Inst_ZyboVIO_SE/Inst_jtag_chainSerial/fromPCReg[0]   |                2 |             16 |
|  Inst_ZyboVIOSE_wrapper/Inst_ZyboVIO_SE/clk_BUFG                          | Inst_ZyboVIOSE_wrapper/Inst_ZyboVIO_SE/rx_fifo/_n0222_inv                                         | Inst_ZyboVIOSE_wrapper/Inst_ZyboVIO_SE/Inst_jtag_chainSerial/fromPCReg[0]   |                3 |             16 |
|  Inst_ZyboVIOSE_wrapper/Inst_ZyboVIO_SE/clk_BUFG                          | Inst_ZyboVIOSE_wrapper/Inst_ZyboVIO_SE/rx_fifo/_n0226_inv                                         | Inst_ZyboVIOSE_wrapper/Inst_ZyboVIO_SE/Inst_jtag_chainSerial/fromPCReg[0]   |                1 |             16 |
|  Inst_ZyboVIOSE_wrapper/Inst_ZyboVIO_SE/clk_BUFG                          | Inst_ZyboVIOSE_wrapper/Inst_ZyboVIO_SE/rx_fifo/_n0190_inv                                         | Inst_ZyboVIOSE_wrapper/Inst_ZyboVIO_SE/Inst_jtag_chainSerial/fromPCReg[0]   |                3 |             16 |
|  Inst_ZyboVIOSE_wrapper/Inst_ZyboVIO_SE/clk_BUFG                          | Inst_ZyboVIOSE_wrapper/Inst_ZyboVIO_SE/rx_fifo/_n0202_inv                                         | Inst_ZyboVIOSE_wrapper/Inst_ZyboVIO_SE/Inst_jtag_chainSerial/fromPCReg[0]   |                5 |             16 |
|  Inst_ZyboVIOSE_wrapper/Inst_ZyboVIO_SE/clk_BUFG                          | Inst_ZyboVIOSE_wrapper/Inst_ZyboVIO_SE/rx_fifo/_n0206_inv                                         | Inst_ZyboVIOSE_wrapper/Inst_ZyboVIO_SE/Inst_jtag_chainSerial/fromPCReg[0]   |                3 |             16 |
|  Inst_ZyboVIOSE_wrapper/Inst_ZyboVIO_SE/clk_BUFG                          | Inst_ZyboVIOSE_wrapper/Inst_ZyboVIO_SE/rx_fifo/_n0234_inv                                         | Inst_ZyboVIOSE_wrapper/Inst_ZyboVIO_SE/Inst_jtag_chainSerial/fromPCReg[0]   |                5 |             16 |
|  Inst_ZyboVIOSE_wrapper/Inst_ZyboVIO_SE/clk_BUFG                          | Inst_ZyboVIOSE_wrapper/Inst_ZyboVIO_SE/rx_fifo/_n0182_inv                                         | Inst_ZyboVIOSE_wrapper/Inst_ZyboVIO_SE/Inst_jtag_chainSerial/fromPCReg[0]   |                3 |             16 |
|  Inst_ZyboVIOSE_wrapper/Inst_ZyboVIO_SE/clk_BUFG                          | Inst_ZyboVIOSE_wrapper/Inst_ZyboVIO_SE/rx_fifo/_n0178_inv                                         | Inst_ZyboVIOSE_wrapper/Inst_ZyboVIO_SE/Inst_jtag_chainSerial/fromPCReg[0]   |                1 |             16 |
|  Inst_ZyboVIOSE_wrapper/Inst_ZyboVIO_SE/clk_BUFG                          | Inst_ZyboVIOSE_wrapper/Inst_ZyboVIO_SE/rx_fifo/_n0230_inv                                         | Inst_ZyboVIOSE_wrapper/Inst_ZyboVIO_SE/Inst_jtag_chainSerial/fromPCReg[0]   |                3 |             16 |
|  Inst_ZyboVIOSE_wrapper/Inst_ZyboVIO_SE/clk_BUFG                          | Inst_ZyboVIOSE_wrapper/Inst_ZyboVIO_SE/tx_fifo/_n0194_inv                                         | Inst_ZyboVIOSE_wrapper/Inst_ZyboVIO_SE/Inst_jtag_chainSerial/fromPCReg[0]   |                1 |             16 |
|  Inst_ZyboVIOSE_wrapper/Inst_ZyboVIO_SE/clk_BUFG                          | Inst_ZyboVIOSE_wrapper/Inst_ZyboVIO_SE/tx_fifo/_n0226_inv                                         | Inst_ZyboVIOSE_wrapper/Inst_ZyboVIO_SE/Inst_jtag_chainSerial/fromPCReg[0]   |                1 |             16 |
|  Inst_ZyboVIOSE_wrapper/Inst_ZyboVIO_SE/clk_BUFG                          | Inst_ZyboVIOSE_wrapper/Inst_ZyboVIO_SE/tx_fifo/_n0238_inv                                         | Inst_ZyboVIOSE_wrapper/Inst_ZyboVIO_SE/Inst_jtag_chainSerial/fromPCReg[0]   |                2 |             16 |
|  Inst_ZyboVIOSE_wrapper/Inst_ZyboVIO_SE/clk_BUFG                          | Inst_ZyboVIOSE_wrapper/Inst_ZyboVIO_SE/tx_fifo/_n0186_inv                                         | Inst_ZyboVIOSE_wrapper/Inst_ZyboVIO_SE/Inst_jtag_chainSerial/fromPCReg[0]   |                1 |             16 |
|  Inst_ZyboVIOSE_wrapper/Inst_ZyboVIO_SE/clk_BUFG                          | Inst_student_code/Inst_lc3_computer/LC3_UART/fifo_tx_unit/array_reg[1]_6                          |                                                                             |                3 |             16 |
|  Inst_ZyboVIOSE_wrapper/Inst_ZyboVIO_SE/clk_BUFG                          | Inst_ZyboVIOSE_wrapper/Inst_ZyboVIO_SE/tx_fifo/_n0206_inv                                         | Inst_ZyboVIOSE_wrapper/Inst_ZyboVIO_SE/Inst_jtag_chainSerial/fromPCReg[0]   |                1 |             16 |
|  Inst_ZyboVIOSE_wrapper/Inst_ZyboVIO_SE/clk_BUFG                          | Inst_ZyboVIOSE_wrapper/Inst_ZyboVIO_SE/tx_fifo/_n0230_inv                                         | Inst_ZyboVIOSE_wrapper/Inst_ZyboVIO_SE/Inst_jtag_chainSerial/fromPCReg[0]   |                2 |             16 |
|  Inst_ZyboVIOSE_wrapper/Inst_ZyboVIO_SE/clk_BUFG                          | Inst_ZyboVIOSE_wrapper/Inst_ZyboVIO_SE/tx_fifo/_n0202_inv                                         | Inst_ZyboVIOSE_wrapper/Inst_ZyboVIO_SE/Inst_jtag_chainSerial/fromPCReg[0]   |                2 |             16 |
|  Inst_ZyboVIOSE_wrapper/Inst_ZyboVIO_SE/clk_BUFG                          | Inst_ZyboVIOSE_wrapper/Inst_ZyboVIO_SE/tx_fifo/_n0190_inv                                         | Inst_ZyboVIOSE_wrapper/Inst_ZyboVIO_SE/Inst_jtag_chainSerial/fromPCReg[0]   |                1 |             16 |
|  Inst_ZyboVIOSE_wrapper/Inst_ZyboVIO_SE/clk_BUFG                          | Inst_ZyboVIOSE_wrapper/Inst_ZyboVIO_SE/tx_fifo/_n0222_inv                                         | Inst_ZyboVIOSE_wrapper/Inst_ZyboVIO_SE/Inst_jtag_chainSerial/fromPCReg[0]   |                3 |             16 |
|  Inst_ZyboVIOSE_wrapper/Inst_ZyboVIO_SE/clk_BUFG                          | Inst_ZyboVIOSE_wrapper/Inst_ZyboVIO_SE/tx_fifo/_n0234_inv                                         | Inst_ZyboVIOSE_wrapper/Inst_ZyboVIO_SE/Inst_jtag_chainSerial/fromPCReg[0]   |                2 |             16 |
|  Inst_ZyboVIOSE_wrapper/Inst_ZyboVIO_SE/clk_BUFG                          | Inst_ZyboVIOSE_wrapper/Inst_ZyboVIO_SE/tx_fifo/_n0214_inv                                         | Inst_ZyboVIOSE_wrapper/Inst_ZyboVIO_SE/Inst_jtag_chainSerial/fromPCReg[0]   |                1 |             16 |
|  Inst_ZyboVIOSE_wrapper/Inst_ZyboVIO_SE/clk_BUFG                          | Inst_ZyboVIOSE_wrapper/Inst_ZyboVIO_SE/tx_fifo/_n0178_inv                                         | Inst_ZyboVIOSE_wrapper/Inst_ZyboVIO_SE/Inst_jtag_chainSerial/fromPCReg[0]   |                2 |             16 |
|  Inst_ZyboVIOSE_wrapper/Inst_ZyboVIO_SE/clk_BUFG                          | Inst_ZyboVIOSE_wrapper/Inst_ZyboVIO_SE/tx_fifo/_n0182_inv                                         | Inst_ZyboVIOSE_wrapper/Inst_ZyboVIO_SE/Inst_jtag_chainSerial/fromPCReg[0]   |                1 |             16 |
|  Inst_ZyboVIOSE_wrapper/Inst_ZyboVIO_SE/clk_BUFG                          | Inst_ZyboVIOSE_wrapper/Inst_ZyboVIO_SE/tx_fifo/_n0210_inv                                         | Inst_ZyboVIOSE_wrapper/Inst_ZyboVIO_SE/Inst_jtag_chainSerial/fromPCReg[0]   |                2 |             16 |
|  Inst_ZyboVIOSE_wrapper/Inst_ZyboVIO_SE/clk_BUFG                          | Inst_ZyboVIOSE_wrapper/Inst_ZyboVIO_SE/tx_fifo/_n0218_inv                                         | Inst_ZyboVIOSE_wrapper/Inst_ZyboVIO_SE/Inst_jtag_chainSerial/fromPCReg[0]   |                4 |             16 |
|  Inst_ZyboVIOSE_wrapper/Inst_ZyboVIO_SE/clk_BUFG                          | Inst_student_code/Inst_lc3_computer/LC3_UART/fifo_rx_unit/array_reg[2]_1                          |                                                                             |                2 |             16 |
|  Inst_ZyboVIOSE_wrapper/Inst_ZyboVIO_SE/clk_BUFG                          | Inst_student_code/Inst_lc3_computer/LC3_UART/fifo_rx_unit/array_reg[3]_0                          |                                                                             |                2 |             16 |
|  Inst_ZyboVIOSE_wrapper/Inst_ZyboVIO_SE/clk_BUFG                          | Inst_student_code/Inst_lc3_computer/LC3_UART/fifo_rx_unit/array_reg[1]_2                          |                                                                             |                2 |             16 |
|  Inst_ZyboVIOSE_wrapper/Inst_ZyboVIO_SE/clk_BUFG                          | Inst_student_code/Inst_lc3_computer/LC3_UART/fifo_rx_unit/array_reg[0]_3                          |                                                                             |                2 |             16 |
|  Inst_ZyboVIOSE_wrapper/Inst_ZyboVIO_SE/clk_BUFG                          | Inst_student_code/Inst_lc3_computer/LC3_UART/uart_rx_unit/b_next                                  |                                                                             |                2 |             16 |
|  Inst_ZyboVIOSE_wrapper/Inst_ZyboVIO_SE/clk_BUFG                          | Inst_student_code/Inst_lc3_computer/LC3_UART/fifo_tx_unit/array_reg[0]_7                          |                                                                             |                3 |             16 |
|  Inst_ZyboVIOSE_wrapper/Inst_ZyboVIO_SE/clk_BUFG                          | Inst_student_code/Inst_lc3_computer/LC3_UART/fifo_tx_unit/array_reg[3]_4                          |                                                                             |                1 |             16 |
|  Inst_ZyboVIOSE_wrapper/Inst_ZyboVIO_SE/clk_BUFG                          | Inst_student_code/Inst_lc3_computer/LC3_UART/fifo_tx_unit/array_reg[2]_5                          |                                                                             |                2 |             16 |
|  Inst_ZyboVIOSE_wrapper/Inst_ZyboVIO_SE/clk_BUFG                          | Inst_student_code/Inst_lc3_computer/LC3_UART/uart_tx_unit/b_next                                  |                                                                             |                3 |             16 |
|  Inst_ZyboVIOSE_wrapper/Inst_ZyboVIO_SE/clk_BUFG                          | Inst_student_code/Inst_lc3_computer/lc3_m/StoreLED_reg[0][0]                                      |                                                                             |                2 |             16 |
|  Inst_ZyboVIOSE_wrapper/Inst_ZyboVIO_SE/clk_BUFG                          | my_debounce[1].Inst_debounce1/out[0]                                                              |                                                                             |                2 |             16 |
|  Inst_ZyboVIOSE_wrapper/Inst_ZyboVIO_SE/clk_BUFG                          | Inst_ZyboVIOSE_wrapper/Inst_ZyboVIO_SE/Inst_jtag_chainSerial/jclk_tick                            |                                                                             |               10 |             20 |
|  Inst_ZyboVIOSE_wrapper/Inst_ZyboVIO_SE/Inst_jtag_chainSerial/DRCK_BUFG   |                                                                                                   |                                                                             |                5 |             22 |
|  Inst_ZyboVIOSE_wrapper/Inst_ZyboVIO_SE/Inst_jtag_chainSerial/UPDATE_BUFG | Inst_ZyboVIOSE_wrapper/Inst_ZyboVIO_SE/Inst_jtag_chainSerial/SEL                                  |                                                                             |                3 |             22 |
|  Inst_ZyboVIOSE_wrapper/Inst_ZyboVIO_SE/clk_BUFG                          | Inst_ZyboVIOSE_wrapper/Inst_ZyboVIO_SE/Inst_jtag_chainSerial/update_tick                          |                                                                             |                3 |             22 |
|  Inst_student_code/Inst_lc3_computer/mem_EN_reg_rep_rep_i_1_n_0           |                                                                                                   |                                                                             |               11 |             28 |
|  Inst_ZyboVIOSE_wrapper/Inst_ZyboVIO_SE/clk_BUFG                          | Inst_student_code/Inst_lc3_computer/lc3_m/lc3_1/_n1331_inv                                        |                                                                             |               14 |             32 |
|  Inst_ZyboVIOSE_wrapper/Inst_ZyboVIO_SE/clk_BUFG                          | Inst_student_code/Inst_lc3_computer/lc3_m/lc3_1/_n1213_inv                                        |                                                                             |                7 |             32 |
|  Inst_student_code/Inst_lc3_computer/lc3_m/ram_reg_0_0[0]                 |                                                                                                   |                                                                             |                8 |             32 |
|  Inst_ZyboVIOSE_wrapper/Inst_ZyboVIO_SE/clk_BUFG                          | Inst_student_code/Inst_lc3_computer/lc3_m/lc3_1/_n1161_inv                                        |                                                                             |                6 |             34 |
|  Inst_ZyboVIOSE_wrapper/Inst_ZyboVIO_SE/clk_BUFG                          |                                                                                                   | Inst_ZyboVIOSE_wrapper/counter_reg[0]                                       |                8 |             60 |
|  Inst_ZyboVIOSE_wrapper/Inst_ZyboVIO_SE/clk_BUFG                          | Inst_student_code/lc3_debug_1/hand_clk_db/clk_enable                                              | Inst_ZyboVIOSE_wrapper/reset                                                |               30 |             68 |
|  Inst_ZyboVIOSE_wrapper/Inst_ZyboVIO_SE/Inst_jtag_chainIO/UPDATE_BUFG     | Inst_ZyboVIOSE_wrapper/Inst_ZyboVIO_SE/Inst_jtag_chainIO/SEL                                      |                                                                             |               14 |             96 |
|  Inst_ZyboVIOSE_wrapper/Inst_ZyboVIO_SE/Inst_jtag_chainIO/DRCK_BUFG       |                                                                                                   |                                                                             |               18 |             96 |
|  Inst_ZyboVIOSE_wrapper/Inst_ZyboVIO_SE/jclk_BUFG                         |                                                                                                   |                                                                             |               46 |            246 |
|  Inst_ZyboVIOSE_wrapper/Inst_ZyboVIO_SE/clk_BUFG                          | Inst_student_code/Inst_lc3_computer/lc3_m/lc3_1/_n1165_inv                                        |                                                                             |              119 |            268 |
|  Inst_ZyboVIOSE_wrapper/Inst_ZyboVIO_SE/clk_BUFG                          |                                                                                                   |                                                                             |              292 |           2308 |
+---------------------------------------------------------------------------+---------------------------------------------------------------------------------------------------+-----------------------------------------------------------------------------+------------------+----------------+


