
*** Running vivado
    with args -log LC3Zybo_top.vds -m64 -product Vivado -mode batch -messageDb vivado.pb -notrace -source LC3Zybo_top.tcl


****** Vivado v2018.2 (64-bit)
  **** SW Build 2258646 on Thu Jun 14 20:03:12 MDT 2018
  **** IP Build 2256618 on Thu Jun 14 22:10:49 MDT 2018
    ** Copyright 1986-2018 Xilinx, Inc. All Rights Reserved.

source LC3Zybo_top.tcl -notrace
Command: synth_design -top LC3Zybo_top -part xc7z010clg400-1
Starting synth_design
Attempting to get a license for feature 'Synthesis' and/or device 'xc7z010'
INFO: [Common 17-349] Got license for feature 'Synthesis' and/or device 'xc7z010'
INFO: Launching helper process for spawning children vivado processes
INFO: Helper process launched with PID 20140 
---------------------------------------------------------------------------------
Starting RTL Elaboration : Time (s): cpu = 00:00:01 ; elapsed = 00:00:03 . Memory (MB): peak = 350.859 ; gain = 99.516
---------------------------------------------------------------------------------
INFO: [Synth 8-638] synthesizing module 'LC3Zybo_top' [C:/Users/abdul/OneDrive/Skrivebord/ny vivado 15-06-2023/selveProjekt/selveProjekt.srcs/sources_1/imports/alle filer fra learn/top.vhd:29]
INFO: [Synth 8-638] synthesizing module 'student_code' [C:/Users/abdul/OneDrive/Skrivebord/ny vivado 15-06-2023/selveProjekt/selveProjekt.srcs/sources_1/imports/alle filer fra learn/student_code.vhd:44]
INFO: [Synth 8-638] synthesizing module 'lc3_computer' [C:/Users/abdul/OneDrive/Skrivebord/ny vivado 15-06-2023/selveProjekt/selveProjekt.srcs/sources_1/imports/alle filer fra learn/lc3_computer.vhd:57]
INFO: [Synth 8-638] synthesizing module 'lc3_wrapper_multiplexers' [C:/Users/abdul/OneDrive/Skrivebord/ny vivado 15-06-2023/selveProjekt/selveProjekt.srcs/sources_1/imports/alle filer fra learn/lc3_wrapper_multiplexers.vhd:24]
INFO: [Synth 8-637] synthesizing blackbox instance 'lc3_1' of component 'lc3' [C:/Users/abdul/OneDrive/Skrivebord/ny vivado 15-06-2023/selveProjekt/selveProjekt.srcs/sources_1/imports/alle filer fra learn/lc3_wrapper_multiplexers.vhd:43]
INFO: [Synth 8-256] done synthesizing module 'lc3_wrapper_multiplexers' (1#1) [C:/Users/abdul/OneDrive/Skrivebord/ny vivado 15-06-2023/selveProjekt/selveProjekt.srcs/sources_1/imports/alle filer fra learn/lc3_wrapper_multiplexers.vhd:24]
INFO: [Synth 8-638] synthesizing module 'xilinx_one_port_ram_sync' [C:/Users/abdul/OneDrive/Skrivebord/ny vivado 15-06-2023/selveProjekt/selveProjekt.srcs/sources_1/new/ram.vhd:22]
	Parameter ADDR_WIDTH bound to: 16 - type: integer 
	Parameter DATA_WIDTH bound to: 16 - type: integer 
INFO: [Synth 8-256] done synthesizing module 'xilinx_one_port_ram_sync' (2#1) [C:/Users/abdul/OneDrive/Skrivebord/ny vivado 15-06-2023/selveProjekt/selveProjekt.srcs/sources_1/new/ram.vhd:22]
INFO: [Synth 8-638] synthesizing module 'uart' [C:/Users/abdul/OneDrive/Skrivebord/ny vivado 15-06-2023/selveProjekt/selveProjekt.srcs/sources_1/imports/ch07/list_ch07_04_uart.vhd:29]
	Parameter DBIT bound to: 8 - type: integer 
	Parameter SB_TICK bound to: 16 - type: integer 
	Parameter DVSR bound to: 27 - type: integer 
	Parameter DVSR_BIT bound to: 8 - type: integer 
	Parameter FIFO_W bound to: 2 - type: integer 
INFO: [Synth 8-638] synthesizing module 'mod_m_counter' [C:/Users/abdul/OneDrive/Skrivebord/ny vivado 15-06-2023/selveProjekt/selveProjekt.srcs/sources_1/imports/ch04/list_ch04_11_mod_m.vhd:17]
	Parameter N bound to: 8 - type: integer 
	Parameter M bound to: 27 - type: integer 
INFO: [Synth 8-256] done synthesizing module 'mod_m_counter' (3#1) [C:/Users/abdul/OneDrive/Skrivebord/ny vivado 15-06-2023/selveProjekt/selveProjekt.srcs/sources_1/imports/ch04/list_ch04_11_mod_m.vhd:17]
INFO: [Synth 8-638] synthesizing module 'uart_rx' [C:/Users/abdul/OneDrive/Skrivebord/ny vivado 15-06-2023/selveProjekt/selveProjekt.srcs/sources_1/imports/ch07/list_ch07_01_uart_rx.vhd:19]
	Parameter DBIT bound to: 8 - type: integer 
	Parameter SB_TICK bound to: 16 - type: integer 
INFO: [Synth 8-256] done synthesizing module 'uart_rx' (4#1) [C:/Users/abdul/OneDrive/Skrivebord/ny vivado 15-06-2023/selveProjekt/selveProjekt.srcs/sources_1/imports/ch07/list_ch07_01_uart_rx.vhd:19]
INFO: [Synth 8-638] synthesizing module 'fifo' [C:/Users/abdul/OneDrive/Skrivebord/ny vivado 15-06-2023/selveProjekt/selveProjekt.srcs/sources_1/imports/ch04/list_ch04_20_fifo.vhd:19]
	Parameter B bound to: 8 - type: integer 
	Parameter W bound to: 2 - type: integer 
INFO: [Synth 8-256] done synthesizing module 'fifo' (5#1) [C:/Users/abdul/OneDrive/Skrivebord/ny vivado 15-06-2023/selveProjekt/selveProjekt.srcs/sources_1/imports/ch04/list_ch04_20_fifo.vhd:19]
INFO: [Synth 8-638] synthesizing module 'uart_tx' [C:/Users/abdul/OneDrive/Skrivebord/ny vivado 15-06-2023/selveProjekt/selveProjekt.srcs/sources_1/imports/ch07/list_ch07_03_uart_tx.vhd:20]
	Parameter DBIT bound to: 8 - type: integer 
	Parameter SB_TICK bound to: 16 - type: integer 
INFO: [Synth 8-256] done synthesizing module 'uart_tx' (6#1) [C:/Users/abdul/OneDrive/Skrivebord/ny vivado 15-06-2023/selveProjekt/selveProjekt.srcs/sources_1/imports/ch07/list_ch07_03_uart_tx.vhd:20]
INFO: [Synth 8-256] done synthesizing module 'uart' (7#1) [C:/Users/abdul/OneDrive/Skrivebord/ny vivado 15-06-2023/selveProjekt/selveProjekt.srcs/sources_1/imports/ch07/list_ch07_04_uart.vhd:29]
INFO: [Synth 8-638] synthesizing module 'CounterenTilASM' [C:/Users/abdul/OneDrive/Skrivebord/ny vivado 15-06-2023/selveProjekt/selveProjekt.srcs/sources_1/imports/Skrivebord/CounterenTilASM.vhd:17]
	Parameter N bound to: 8 - type: integer 
	Parameter M bound to: 60 - type: integer 
INFO: [Synth 8-256] done synthesizing module 'CounterenTilASM' (8#1) [C:/Users/abdul/OneDrive/Skrivebord/ny vivado 15-06-2023/selveProjekt/selveProjekt.srcs/sources_1/imports/Skrivebord/CounterenTilASM.vhd:17]
WARNING: [Synth 8-614] signal 'WE' is read in the process but is not in the sensitivity list [C:/Users/abdul/OneDrive/Skrivebord/ny vivado 15-06-2023/selveProjekt/selveProjekt.srcs/sources_1/imports/alle filer fra learn/lc3_computer.vhd:254]
WARNING: [Synth 8-614] signal 'RE' is read in the process but is not in the sensitivity list [C:/Users/abdul/OneDrive/Skrivebord/ny vivado 15-06-2023/selveProjekt/selveProjekt.srcs/sources_1/imports/alle filer fra learn/lc3_computer.vhd:254]
WARNING: [Synth 8-614] signal 'MuxSelect' is read in the process but is not in the sensitivity list [C:/Users/abdul/OneDrive/Skrivebord/ny vivado 15-06-2023/selveProjekt/selveProjekt.srcs/sources_1/imports/alle filer fra learn/lc3_computer.vhd:289]
WARNING: [Synth 8-614] signal 'WE' is read in the process but is not in the sensitivity list [C:/Users/abdul/OneDrive/Skrivebord/ny vivado 15-06-2023/selveProjekt/selveProjekt.srcs/sources_1/imports/alle filer fra learn/lc3_computer.vhd:289]
WARNING: [Synth 8-6014] Unused sequential element StoreHex_reg was removed.  [C:/Users/abdul/OneDrive/Skrivebord/ny vivado 15-06-2023/selveProjekt/selveProjekt.srcs/sources_1/imports/alle filer fra learn/lc3_computer.vhd:215]
INFO: [Synth 8-256] done synthesizing module 'lc3_computer' (9#1) [C:/Users/abdul/OneDrive/Skrivebord/ny vivado 15-06-2023/selveProjekt/selveProjekt.srcs/sources_1/imports/alle filer fra learn/lc3_computer.vhd:57]
INFO: [Synth 8-638] synthesizing module 'lc3_debug' [C:/Users/abdul/OneDrive/Skrivebord/ny vivado 15-06-2023/selveProjekt/selveProjekt.srcs/sources_1/imports/alle filer fra learn/lc3_debug.vhd:29]
INFO: [Synth 8-638] synthesizing module 'BtnToggle' [C:/Users/abdul/OneDrive/Skrivebord/ny vivado 15-06-2023/selveProjekt/selveProjekt.srcs/sources_1/imports/alle filer fra learn/BtnToggle.vhd:24]
INFO: [Synth 8-256] done synthesizing module 'BtnToggle' (10#1) [C:/Users/abdul/OneDrive/Skrivebord/ny vivado 15-06-2023/selveProjekt/selveProjekt.srcs/sources_1/imports/alle filer fra learn/BtnToggle.vhd:24]
INFO: [Synth 8-638] synthesizing module 'debounce' [C:/Users/abdul/OneDrive/Skrivebord/ny vivado 15-06-2023/selveProjekt/selveProjekt.srcs/sources_1/imports/alle filer fra learn/debounce.vhd:18]
INFO: [Synth 8-256] done synthesizing module 'debounce' (11#1) [C:/Users/abdul/OneDrive/Skrivebord/ny vivado 15-06-2023/selveProjekt/selveProjekt.srcs/sources_1/imports/alle filer fra learn/debounce.vhd:18]
INFO: [Synth 8-256] done synthesizing module 'lc3_debug' (12#1) [C:/Users/abdul/OneDrive/Skrivebord/ny vivado 15-06-2023/selveProjekt/selveProjekt.srcs/sources_1/imports/alle filer fra learn/lc3_debug.vhd:29]
INFO: [Synth 8-256] done synthesizing module 'student_code' (13#1) [C:/Users/abdul/OneDrive/Skrivebord/ny vivado 15-06-2023/selveProjekt/selveProjekt.srcs/sources_1/imports/alle filer fra learn/student_code.vhd:44]
INFO: [Synth 8-638] synthesizing module 'zyboviose_wrapper' [C:/Users/abdul/OneDrive/Skrivebord/ny vivado 15-06-2023/selveProjekt/selveProjekt.srcs/sources_1/imports/alle filer fra learn/zybovios_wrapper.vhd:32]
INFO: [Synth 8-637] synthesizing blackbox instance 'Inst_ZyboVIO_SE' of component 'ZyboVIO_SE' [C:/Users/abdul/OneDrive/Skrivebord/ny vivado 15-06-2023/selveProjekt/selveProjekt.srcs/sources_1/imports/alle filer fra learn/zybovios_wrapper.vhd:58]
INFO: [Synth 8-256] done synthesizing module 'zyboviose_wrapper' (14#1) [C:/Users/abdul/OneDrive/Skrivebord/ny vivado 15-06-2023/selveProjekt/selveProjekt.srcs/sources_1/imports/alle filer fra learn/zybovios_wrapper.vhd:32]
INFO: [Synth 8-256] done synthesizing module 'LC3Zybo_top' (15#1) [C:/Users/abdul/OneDrive/Skrivebord/ny vivado 15-06-2023/selveProjekt/selveProjekt.srcs/sources_1/imports/alle filer fra learn/top.vhd:29]
---------------------------------------------------------------------------------
Finished RTL Elaboration : Time (s): cpu = 00:00:02 ; elapsed = 00:00:05 . Memory (MB): peak = 437.879 ; gain = 186.535
---------------------------------------------------------------------------------

Report Check Netlist: 
+------+------------------+-------+---------+-------+------------------+
|      |Item              |Errors |Warnings |Status |Description       |
+------+------------------+-------+---------+-------+------------------+
|1     |multi_driven_nets |      0|        0|Passed |Multi driven nets |
+------+------------------+-------+---------+-------+------------------+
---------------------------------------------------------------------------------
Start Handling Custom Attributes
---------------------------------------------------------------------------------
---------------------------------------------------------------------------------
Finished Handling Custom Attributes : Time (s): cpu = 00:00:02 ; elapsed = 00:00:06 . Memory (MB): peak = 437.879 ; gain = 186.535
---------------------------------------------------------------------------------
---------------------------------------------------------------------------------
Finished RTL Optimization Phase 1 : Time (s): cpu = 00:00:02 ; elapsed = 00:00:06 . Memory (MB): peak = 437.879 ; gain = 186.535
---------------------------------------------------------------------------------
INFO: [Device 21-403] Loading part xc7z010clg400-1
INFO: [Project 1-570] Preparing netlist for logic optimization

Processing XDC Constraints
Initializing timing engine
Parsing XDC File [C:/Users/abdul/OneDrive/Skrivebord/ny vivado 15-06-2023/selveProjekt/selveProjekt.srcs/constrs_1/imports/alle filer fra learn/ZyboVIO.xdc]
Finished Parsing XDC File [C:/Users/abdul/OneDrive/Skrivebord/ny vivado 15-06-2023/selveProjekt/selveProjekt.srcs/constrs_1/imports/alle filer fra learn/ZyboVIO.xdc]
INFO: [Project 1-236] Implementation specific constraints were found while reading constraint file [C:/Users/abdul/OneDrive/Skrivebord/ny vivado 15-06-2023/selveProjekt/selveProjekt.srcs/constrs_1/imports/alle filer fra learn/ZyboVIO.xdc]. These constraints will be ignored for synthesis but will be used in implementation. Impacted constraints are listed in the file [.Xil/LC3Zybo_top_propImpl.xdc].
Resolution: To avoid this warning, move constraints listed in [.Xil/LC3Zybo_top_propImpl.xdc] to another XDC file and exclude this new file from synthesis with the used_in_synthesis property (File Properties dialog in GUI) and re-run elaboration/synthesis.
Completed Processing XDC Constraints

INFO: [Project 1-111] Unisim Transformation Summary:
No Unisim elements were transformed.

Constraint Validation Runtime : Time (s): cpu = 00:00:00 ; elapsed = 00:00:00.003 . Memory (MB): peak = 763.594 ; gain = 0.000
---------------------------------------------------------------------------------
Finished Constraint Validation : Time (s): cpu = 00:00:08 ; elapsed = 00:00:17 . Memory (MB): peak = 763.594 ; gain = 512.250
---------------------------------------------------------------------------------
---------------------------------------------------------------------------------
Start Loading Part and Timing Information
---------------------------------------------------------------------------------
Loading part: xc7z010clg400-1
---------------------------------------------------------------------------------
Finished Loading Part and Timing Information : Time (s): cpu = 00:00:08 ; elapsed = 00:00:17 . Memory (MB): peak = 763.594 ; gain = 512.250
---------------------------------------------------------------------------------
---------------------------------------------------------------------------------
Start Applying 'set_property' XDC Constraints
---------------------------------------------------------------------------------
---------------------------------------------------------------------------------
Finished applying 'set_property' XDC Constraints : Time (s): cpu = 00:00:08 ; elapsed = 00:00:17 . Memory (MB): peak = 763.594 ; gain = 512.250
---------------------------------------------------------------------------------
INFO: [Synth 8-5546] ROM "max_tick" won't be mapped to RAM because it is too sparse
INFO: [Synth 8-802] inferred FSM for state register 'state_reg_reg' in module 'uart_rx'
INFO: [Synth 8-5544] ROM "rx_done_tick" won't be mapped to Block RAM because address size (4) smaller than threshold (5)
INFO: [Synth 8-5544] ROM "state_next" won't be mapped to Block RAM because address size (3) smaller than threshold (5)
INFO: [Synth 8-5544] ROM "state_next" won't be mapped to Block RAM because address size (4) smaller than threshold (5)
INFO: [Synth 8-5544] ROM "s_next" won't be mapped to Block RAM because address size (4) smaller than threshold (5)
INFO: [Synth 8-5544] ROM "n_next" won't be mapped to Block RAM because address size (3) smaller than threshold (5)
INFO: [Synth 8-5544] ROM "array_reg_reg[3]" won't be mapped to Block RAM because address size (2) smaller than threshold (5)
INFO: [Synth 8-5544] ROM "array_reg_reg[2]" won't be mapped to Block RAM because address size (2) smaller than threshold (5)
INFO: [Synth 8-5544] ROM "array_reg_reg[1]" won't be mapped to Block RAM because address size (2) smaller than threshold (5)
INFO: [Synth 8-5544] ROM "array_reg_reg[0]" won't be mapped to Block RAM because address size (2) smaller than threshold (5)
INFO: [Synth 8-802] inferred FSM for state register 'state_reg_reg' in module 'uart_tx'
INFO: [Synth 8-5544] ROM "tx_done_tick" won't be mapped to Block RAM because address size (4) smaller than threshold (5)
INFO: [Synth 8-5544] ROM "state_next" won't be mapped to Block RAM because address size (3) smaller than threshold (5)
INFO: [Synth 8-5544] ROM "s_next" won't be mapped to Block RAM because address size (4) smaller than threshold (5)
INFO: [Synth 8-5544] ROM "n_next" won't be mapped to Block RAM because address size (3) smaller than threshold (5)
INFO: [Synth 8-5546] ROM "max_tick" won't be mapped to RAM because it is too sparse
INFO: [Synth 8-802] inferred FSM for state register 'state_reg_reg' in module 'debounce'
INFO: [Synth 8-5546] ROM "tick" won't be mapped to RAM because it is too sparse
INFO: [Synth 8-5544] ROM "output" won't be mapped to Block RAM because address size (2) smaller than threshold (5)
INFO: [Synth 8-5544] ROM "state_next" won't be mapped to Block RAM because address size (1) smaller than threshold (5)
INFO: [Synth 8-5544] ROM "state_next" won't be mapped to Block RAM because address size (1) smaller than threshold (5)
---------------------------------------------------------------------------------------------------
                   State |                     New Encoding |                Previous Encoding 
---------------------------------------------------------------------------------------------------
                    idle |                               00 |                               00
                   start |                               01 |                               01
                    data |                               10 |                               10
                    stop |                               11 |                               11
---------------------------------------------------------------------------------------------------
INFO: [Synth 8-3354] encoded FSM with state register 'state_reg_reg' using encoding 'sequential' in module 'uart_rx'
---------------------------------------------------------------------------------------------------
                   State |                     New Encoding |                Previous Encoding 
---------------------------------------------------------------------------------------------------
                    idle |                               00 |                               00
                   start |                               01 |                               01
                    data |                               10 |                               10
                    stop |                               11 |                               11
---------------------------------------------------------------------------------------------------
INFO: [Synth 8-3354] encoded FSM with state register 'state_reg_reg' using encoding 'sequential' in module 'uart_tx'
WARNING: [Synth 8-327] inferring latch for variable 'data_in_reg' [C:/Users/abdul/OneDrive/Skrivebord/ny vivado 15-06-2023/selveProjekt/selveProjekt.srcs/sources_1/imports/alle filer fra learn/lc3_computer.vhd:293]
WARNING: [Synth 8-327] inferring latch for variable 'MuxSelect_reg' [C:/Users/abdul/OneDrive/Skrivebord/ny vivado 15-06-2023/selveProjekt/selveProjekt.srcs/sources_1/imports/alle filer fra learn/lc3_computer.vhd:266]
WARNING: [Synth 8-327] inferring latch for variable 'mem_EN_reg' [C:/Users/abdul/OneDrive/Skrivebord/ny vivado 15-06-2023/selveProjekt/selveProjekt.srcs/sources_1/imports/alle filer fra learn/lc3_computer.vhd:167]
---------------------------------------------------------------------------------------------------
                   State |                     New Encoding |                Previous Encoding 
---------------------------------------------------------------------------------------------------
                    zero |                               00 |                               00
                   wait1 |                               01 |                               11
                     one |                               10 |                               10
                   wait0 |                               11 |                               01
---------------------------------------------------------------------------------------------------
INFO: [Synth 8-3354] encoded FSM with state register 'state_reg_reg' using encoding 'sequential' in module 'debounce'
---------------------------------------------------------------------------------
Finished RTL Optimization Phase 2 : Time (s): cpu = 00:00:09 ; elapsed = 00:00:18 . Memory (MB): peak = 763.594 ; gain = 512.250
---------------------------------------------------------------------------------

Report RTL Partitions: 
+-+--------------+------------+----------+
| |RTL Partition |Replication |Instances |
+-+--------------+------------+----------+
+-+--------------+------------+----------+
---------------------------------------------------------------------------------
Start RTL Component Statistics 
---------------------------------------------------------------------------------
Detailed RTL Component Info : 
+---Adders : 
	   2 Input     30 Bit       Adders := 1     
	   2 Input     21 Bit       Adders := 10    
	   2 Input      8 Bit       Adders := 2     
	   2 Input      4 Bit       Adders := 2     
	   2 Input      3 Bit       Adders := 2     
	   2 Input      2 Bit       Adders := 4     
+---Registers : 
	               30 Bit    Registers := 1     
	               21 Bit    Registers := 10    
	               16 Bit    Registers := 1     
	                8 Bit    Registers := 14    
	                4 Bit    Registers := 2     
	                3 Bit    Registers := 3     
	                2 Bit    Registers := 4     
	                1 Bit    Registers := 7     
+---RAMs : 
	            1024K Bit         RAMs := 1     
+---Muxes : 
	   2 Input     21 Bit        Muxes := 40    
	   4 Input     21 Bit        Muxes := 10    
	   2 Input     16 Bit        Muxes := 3     
	   2 Input      8 Bit        Muxes := 2     
	   4 Input      8 Bit        Muxes := 3     
	   2 Input      5 Bit        Muxes := 1     
	   2 Input      4 Bit        Muxes := 5     
	   4 Input      4 Bit        Muxes := 2     
	  16 Input      4 Bit        Muxes := 1     
	   4 Input      3 Bit        Muxes := 2     
	   4 Input      2 Bit        Muxes := 12    
	   2 Input      2 Bit        Muxes := 32    
	   2 Input      1 Bit        Muxes := 53    
	   3 Input      1 Bit        Muxes := 4     
	   4 Input      1 Bit        Muxes := 43    
	  16 Input      1 Bit        Muxes := 7     
	  12 Input      1 Bit        Muxes := 2     
---------------------------------------------------------------------------------
Finished RTL Component Statistics 
---------------------------------------------------------------------------------
---------------------------------------------------------------------------------
Start RTL Hierarchical Component Statistics 
---------------------------------------------------------------------------------
Hierarchical RTL Component report 
Module xilinx_one_port_ram_sync 
Detailed RTL Component Info : 
+---Registers : 
	               16 Bit    Registers := 1     
+---RAMs : 
	            1024K Bit         RAMs := 1     
Module mod_m_counter 
Detailed RTL Component Info : 
+---Adders : 
	   2 Input      8 Bit       Adders := 1     
+---Registers : 
	                8 Bit    Registers := 1     
+---Muxes : 
	   2 Input      8 Bit        Muxes := 1     
	   2 Input      1 Bit        Muxes := 1     
Module uart_rx 
Detailed RTL Component Info : 
+---Adders : 
	   2 Input      4 Bit       Adders := 1     
	   2 Input      3 Bit       Adders := 1     
+---Registers : 
	                8 Bit    Registers := 1     
	                4 Bit    Registers := 1     
	                3 Bit    Registers := 1     
+---Muxes : 
	   2 Input      4 Bit        Muxes := 2     
	   4 Input      4 Bit        Muxes := 1     
	   4 Input      3 Bit        Muxes := 1     
	   4 Input      2 Bit        Muxes := 1     
	   2 Input      2 Bit        Muxes := 1     
	   2 Input      1 Bit        Muxes := 3     
	   3 Input      1 Bit        Muxes := 2     
	   4 Input      1 Bit        Muxes := 5     
Module fifo 
Detailed RTL Component Info : 
+---Adders : 
	   2 Input      2 Bit       Adders := 2     
+---Registers : 
	                8 Bit    Registers := 4     
	                2 Bit    Registers := 2     
	                1 Bit    Registers := 2     
+---Muxes : 
	   4 Input      8 Bit        Muxes := 1     
	   4 Input      1 Bit        Muxes := 6     
	   2 Input      1 Bit        Muxes := 4     
Module uart_tx 
Detailed RTL Component Info : 
+---Adders : 
	   2 Input      4 Bit       Adders := 1     
	   2 Input      3 Bit       Adders := 1     
+---Registers : 
	                8 Bit    Registers := 1     
	                4 Bit    Registers := 1     
	                3 Bit    Registers := 1     
	                1 Bit    Registers := 1     
+---Muxes : 
	   4 Input      8 Bit        Muxes := 1     
	   2 Input      4 Bit        Muxes := 1     
	   4 Input      4 Bit        Muxes := 1     
	   4 Input      3 Bit        Muxes := 1     
	   4 Input      2 Bit        Muxes := 1     
	   2 Input      2 Bit        Muxes := 1     
	   2 Input      1 Bit        Muxes := 2     
	   3 Input      1 Bit        Muxes := 2     
	   4 Input      1 Bit        Muxes := 6     
Module CounterenTilASM 
Detailed RTL Component Info : 
+---Adders : 
	   2 Input      8 Bit       Adders := 1     
+---Registers : 
	                8 Bit    Registers := 1     
+---Muxes : 
	   2 Input      8 Bit        Muxes := 1     
	   2 Input      1 Bit        Muxes := 1     
Module lc3_computer 
Detailed RTL Component Info : 
+---Registers : 
	                8 Bit    Registers := 2     
	                3 Bit    Registers := 1     
+---Muxes : 
	   2 Input     16 Bit        Muxes := 1     
	  16 Input      4 Bit        Muxes := 1     
	   2 Input      4 Bit        Muxes := 1     
	  16 Input      1 Bit        Muxes := 7     
	   2 Input      1 Bit        Muxes := 7     
	  12 Input      1 Bit        Muxes := 2     
Module BtnToggle 
Detailed RTL Component Info : 
+---Adders : 
	   2 Input     30 Bit       Adders := 1     
+---Registers : 
	               30 Bit    Registers := 1     
	                1 Bit    Registers := 1     
Module debounce 
Detailed RTL Component Info : 
+---Adders : 
	   2 Input     21 Bit       Adders := 1     
+---Registers : 
	               21 Bit    Registers := 1     
+---Muxes : 
	   2 Input     21 Bit        Muxes := 4     
	   4 Input     21 Bit        Muxes := 1     
	   4 Input      2 Bit        Muxes := 1     
	   2 Input      2 Bit        Muxes := 3     
	   2 Input      1 Bit        Muxes := 3     
	   4 Input      1 Bit        Muxes := 2     
Module lc3_debug 
Detailed RTL Component Info : 
+---Registers : 
	                1 Bit    Registers := 1     
+---Muxes : 
	   2 Input     16 Bit        Muxes := 2     
	   2 Input      5 Bit        Muxes := 1     
	   2 Input      4 Bit        Muxes := 1     
	   2 Input      1 Bit        Muxes := 1     
---------------------------------------------------------------------------------
Finished RTL Hierarchical Component Statistics
---------------------------------------------------------------------------------
---------------------------------------------------------------------------------
Start Part Resource Summary
---------------------------------------------------------------------------------
Part Resources:
DSPs: 80 (col length:40)
BRAMs: 120 (col length: RAMB18 40 RAMB36 20)
---------------------------------------------------------------------------------
Finished Part Resource Summary
---------------------------------------------------------------------------------
---------------------------------------------------------------------------------
Start Cross Boundary and Area Optimization
---------------------------------------------------------------------------------
Warning: Parallel synthesis criteria is not met 
INFO: [Synth 8-5546] ROM "Inst_lc3_computer/LC3_UART/baud_gen_unit/max_tick" won't be mapped to RAM because it is too sparse
INFO: [Synth 8-5546] ROM "Inst_lc3_computer/Counter/max_tick" won't be mapped to RAM because it is too sparse
INFO: [Synth 8-5546] ROM "lc3_debug_1/sys_halt_db/tick" won't be mapped to RAM because it is too sparse
INFO: [Synth 8-5546] ROM "lc3_debug_1/hand_clk_db/tick" won't be mapped to RAM because it is too sparse
INFO: [Synth 8-5546] ROM "tick" won't be mapped to RAM because it is too sparse
INFO: [Synth 8-5546] ROM "tick" won't be mapped to RAM because it is too sparse
INFO: [Synth 8-5546] ROM "tick" won't be mapped to RAM because it is too sparse
INFO: [Synth 8-5546] ROM "tick" won't be mapped to RAM because it is too sparse
INFO: [Synth 8-5546] ROM "tick" won't be mapped to RAM because it is too sparse
INFO: [Synth 8-5546] ROM "tick" won't be mapped to RAM because it is too sparse
INFO: [Synth 8-5546] ROM "tick" won't be mapped to RAM because it is too sparse
INFO: [Synth 8-5546] ROM "tick" won't be mapped to RAM because it is too sparse
RAM Pipeline Warning: Read Address Register Found For RAM Inst_student_code/Inst_lc3_computer/lc3_RAM/ram_reg. We will not be able to pipeline it. This may degrade performance. 
---------------------------------------------------------------------------------
Finished Cross Boundary and Area Optimization : Time (s): cpu = 00:00:11 ; elapsed = 00:00:22 . Memory (MB): peak = 763.594 ; gain = 512.250
---------------------------------------------------------------------------------
---------------------------------------------------------------------------------
Start ROM, RAM, DSP and Shift Register Reporting
---------------------------------------------------------------------------------

Block RAM: Preliminary Mapping  Report (see note below)
+--------------------------+------------+------------------------+---+---+------------------------+---+---+------------------+--------+--------+
|Module Name               | RTL Object | PORT A (Depth x Width) | W | R | PORT B (Depth x Width) | W | R | Ports driving FF | RAMB18 | RAMB36 | 
+--------------------------+------------+------------------------+---+---+------------------------+---+---+------------------+--------+--------+
|xilinx_one_port_ram_sync: | ram_reg    | 64 K x 16(WRITE_FIRST) | W | R |                        |   |   | Port A           | 0      | 32     | 
+--------------------------+------------+------------------------+---+---+------------------------+---+---+------------------+--------+--------+

Note: The tale above is a preliminary report that shows the Block RAMs at the current stage of the synthesis flow. Some Block RAMs may be reimplemented as non Block RAM primitives later in the synthesis flow. Multiple instantiated Block RAMs are reported only once. 
---------------------------------------------------------------------------------
Finished ROM, RAM, DSP and Shift Register Reporting
---------------------------------------------------------------------------------
INFO: [Synth 8-4480] The timing for the instance i_0/Inst_student_code/Inst_lc3_computer/lc3_RAM/ram_reg_1_0 (implemented as a block RAM) might be sub-optimal as no optional output register could be merged into the block ram. Providing additional output register may help in improving timing.
INFO: [Synth 8-4480] The timing for the instance i_0/Inst_student_code/Inst_lc3_computer/lc3_RAM/ram_reg_1_1 (implemented as a block RAM) might be sub-optimal as no optional output register could be merged into the block ram. Providing additional output register may help in improving timing.
INFO: [Synth 8-4480] The timing for the instance i_0/Inst_student_code/Inst_lc3_computer/lc3_RAM/ram_reg_1_2 (implemented as a block RAM) might be sub-optimal as no optional output register could be merged into the block ram. Providing additional output register may help in improving timing.
INFO: [Synth 8-4480] The timing for the instance i_0/Inst_student_code/Inst_lc3_computer/lc3_RAM/ram_reg_1_3 (implemented as a block RAM) might be sub-optimal as no optional output register could be merged into the block ram. Providing additional output register may help in improving timing.
INFO: [Synth 8-4480] The timing for the instance i_0/Inst_student_code/Inst_lc3_computer/lc3_RAM/ram_reg_1_4 (implemented as a block RAM) might be sub-optimal as no optional output register could be merged into the block ram. Providing additional output register may help in improving timing.
INFO: [Synth 8-4480] The timing for the instance i_0/Inst_student_code/Inst_lc3_computer/lc3_RAM/ram_reg_1_5 (implemented as a block RAM) might be sub-optimal as no optional output register could be merged into the block ram. Providing additional output register may help in improving timing.
INFO: [Synth 8-4480] The timing for the instance i_0/Inst_student_code/Inst_lc3_computer/lc3_RAM/ram_reg_1_6 (implemented as a block RAM) might be sub-optimal as no optional output register could be merged into the block ram. Providing additional output register may help in improving timing.
INFO: [Synth 8-4480] The timing for the instance i_0/Inst_student_code/Inst_lc3_computer/lc3_RAM/ram_reg_1_7 (implemented as a block RAM) might be sub-optimal as no optional output register could be merged into the block ram. Providing additional output register may help in improving timing.
INFO: [Synth 8-4480] The timing for the instance i_0/Inst_student_code/Inst_lc3_computer/lc3_RAM/ram_reg_1_8 (implemented as a block RAM) might be sub-optimal as no optional output register could be merged into the block ram. Providing additional output register may help in improving timing.
INFO: [Synth 8-4480] The timing for the instance i_0/Inst_student_code/Inst_lc3_computer/lc3_RAM/ram_reg_1_9 (implemented as a block RAM) might be sub-optimal as no optional output register could be merged into the block ram. Providing additional output register may help in improving timing.
INFO: [Synth 8-4480] The timing for the instance i_0/Inst_student_code/Inst_lc3_computer/lc3_RAM/ram_reg_1_10 (implemented as a block RAM) might be sub-optimal as no optional output register could be merged into the block ram. Providing additional output register may help in improving timing.
INFO: [Synth 8-4480] The timing for the instance i_0/Inst_student_code/Inst_lc3_computer/lc3_RAM/ram_reg_1_11 (implemented as a block RAM) might be sub-optimal as no optional output register could be merged into the block ram. Providing additional output register may help in improving timing.
INFO: [Synth 8-4480] The timing for the instance i_0/Inst_student_code/Inst_lc3_computer/lc3_RAM/ram_reg_1_12 (implemented as a block RAM) might be sub-optimal as no optional output register could be merged into the block ram. Providing additional output register may help in improving timing.
INFO: [Synth 8-4480] The timing for the instance i_0/Inst_student_code/Inst_lc3_computer/lc3_RAM/ram_reg_1_13 (implemented as a block RAM) might be sub-optimal as no optional output register could be merged into the block ram. Providing additional output register may help in improving timing.
INFO: [Synth 8-4480] The timing for the instance i_0/Inst_student_code/Inst_lc3_computer/lc3_RAM/ram_reg_1_14 (implemented as a block RAM) might be sub-optimal as no optional output register could be merged into the block ram. Providing additional output register may help in improving timing.
INFO: [Synth 8-4480] The timing for the instance i_0/Inst_student_code/Inst_lc3_computer/lc3_RAM/ram_reg_1_15 (implemented as a block RAM) might be sub-optimal as no optional output register could be merged into the block ram. Providing additional output register may help in improving timing.

Report RTL Partitions: 
+-+--------------+------------+----------+
| |RTL Partition |Replication |Instances |
+-+--------------+------------+----------+
+-+--------------+------------+----------+
---------------------------------------------------------------------------------
Start Applying XDC Timing Constraints
---------------------------------------------------------------------------------
---------------------------------------------------------------------------------
Finished Applying XDC Timing Constraints : Time (s): cpu = 00:00:17 ; elapsed = 00:00:34 . Memory (MB): peak = 781.711 ; gain = 530.367
---------------------------------------------------------------------------------
---------------------------------------------------------------------------------
Start Timing Optimization
---------------------------------------------------------------------------------
---------------------------------------------------------------------------------
Finished Timing Optimization : Time (s): cpu = 00:00:17 ; elapsed = 00:00:34 . Memory (MB): peak = 782.938 ; gain = 531.594
---------------------------------------------------------------------------------
---------------------------------------------------------------------------------
Start ROM, RAM, DSP and Shift Register Reporting
---------------------------------------------------------------------------------

Block RAM: Final Mapping  Report
+--------------------------+------------+------------------------+---+---+------------------------+---+---+------------------+--------+--------+
|Module Name               | RTL Object | PORT A (Depth x Width) | W | R | PORT B (Depth x Width) | W | R | Ports driving FF | RAMB18 | RAMB36 | 
+--------------------------+------------+------------------------+---+---+------------------------+---+---+------------------+--------+--------+
|xilinx_one_port_ram_sync: | ram_reg    | 64 K x 16(WRITE_FIRST) | W | R |                        |   |   | Port A           | 0      | 32     | 
+--------------------------+------------+------------------------+---+---+------------------------+---+---+------------------+--------+--------+

---------------------------------------------------------------------------------
Finished ROM, RAM, DSP and Shift Register Reporting
---------------------------------------------------------------------------------

Report RTL Partitions: 
+-+--------------+------------+----------+
| |RTL Partition |Replication |Instances |
+-+--------------+------------+----------+
+-+--------------+------------+----------+
---------------------------------------------------------------------------------
Start Technology Mapping
---------------------------------------------------------------------------------
INFO: [Synth 8-4480] The timing for the instance Inst_student_code/Inst_lc3_computer/lc3_RAM/ram_reg_1_0 (implemented as a block RAM) might be sub-optimal as no optional output register could be merged into the block ram. Providing additional output register may help in improving timing.
INFO: [Synth 8-4480] The timing for the instance Inst_student_code/Inst_lc3_computer/lc3_RAM/ram_reg_1_1 (implemented as a block RAM) might be sub-optimal as no optional output register could be merged into the block ram. Providing additional output register may help in improving timing.
INFO: [Synth 8-4480] The timing for the instance Inst_student_code/Inst_lc3_computer/lc3_RAM/ram_reg_1_2 (implemented as a block RAM) might be sub-optimal as no optional output register could be merged into the block ram. Providing additional output register may help in improving timing.
INFO: [Synth 8-4480] The timing for the instance Inst_student_code/Inst_lc3_computer/lc3_RAM/ram_reg_1_3 (implemented as a block RAM) might be sub-optimal as no optional output register could be merged into the block ram. Providing additional output register may help in improving timing.
INFO: [Synth 8-4480] The timing for the instance Inst_student_code/Inst_lc3_computer/lc3_RAM/ram_reg_1_4 (implemented as a block RAM) might be sub-optimal as no optional output register could be merged into the block ram. Providing additional output register may help in improving timing.
INFO: [Synth 8-4480] The timing for the instance Inst_student_code/Inst_lc3_computer/lc3_RAM/ram_reg_1_5 (implemented as a block RAM) might be sub-optimal as no optional output register could be merged into the block ram. Providing additional output register may help in improving timing.
INFO: [Synth 8-4480] The timing for the instance Inst_student_code/Inst_lc3_computer/lc3_RAM/ram_reg_1_6 (implemented as a block RAM) might be sub-optimal as no optional output register could be merged into the block ram. Providing additional output register may help in improving timing.
INFO: [Synth 8-4480] The timing for the instance Inst_student_code/Inst_lc3_computer/lc3_RAM/ram_reg_1_7 (implemented as a block RAM) might be sub-optimal as no optional output register could be merged into the block ram. Providing additional output register may help in improving timing.
INFO: [Synth 8-4480] The timing for the instance Inst_student_code/Inst_lc3_computer/lc3_RAM/ram_reg_1_8 (implemented as a block RAM) might be sub-optimal as no optional output register could be merged into the block ram. Providing additional output register may help in improving timing.
INFO: [Synth 8-4480] The timing for the instance Inst_student_code/Inst_lc3_computer/lc3_RAM/ram_reg_1_9 (implemented as a block RAM) might be sub-optimal as no optional output register could be merged into the block ram. Providing additional output register may help in improving timing.
INFO: [Synth 8-4480] The timing for the instance Inst_student_code/Inst_lc3_computer/lc3_RAM/ram_reg_1_10 (implemented as a block RAM) might be sub-optimal as no optional output register could be merged into the block ram. Providing additional output register may help in improving timing.
INFO: [Synth 8-4480] The timing for the instance Inst_student_code/Inst_lc3_computer/lc3_RAM/ram_reg_1_11 (implemented as a block RAM) might be sub-optimal as no optional output register could be merged into the block ram. Providing additional output register may help in improving timing.
INFO: [Synth 8-4480] The timing for the instance Inst_student_code/Inst_lc3_computer/lc3_RAM/ram_reg_1_12 (implemented as a block RAM) might be sub-optimal as no optional output register could be merged into the block ram. Providing additional output register may help in improving timing.
INFO: [Synth 8-4480] The timing for the instance Inst_student_code/Inst_lc3_computer/lc3_RAM/ram_reg_1_13 (implemented as a block RAM) might be sub-optimal as no optional output register could be merged into the block ram. Providing additional output register may help in improving timing.
INFO: [Synth 8-4480] The timing for the instance Inst_student_code/Inst_lc3_computer/lc3_RAM/ram_reg_1_14 (implemented as a block RAM) might be sub-optimal as no optional output register could be merged into the block ram. Providing additional output register may help in improving timing.
INFO: [Synth 8-4480] The timing for the instance Inst_student_code/Inst_lc3_computer/lc3_RAM/ram_reg_1_15 (implemented as a block RAM) might be sub-optimal as no optional output register could be merged into the block ram. Providing additional output register may help in improving timing.
---------------------------------------------------------------------------------
Finished Technology Mapping : Time (s): cpu = 00:00:17 ; elapsed = 00:00:34 . Memory (MB): peak = 808.230 ; gain = 556.887
---------------------------------------------------------------------------------

Report RTL Partitions: 
+-+--------------+------------+----------+
| |RTL Partition |Replication |Instances |
+-+--------------+------------+----------+
+-+--------------+------------+----------+
---------------------------------------------------------------------------------
Start IO Insertion
---------------------------------------------------------------------------------
---------------------------------------------------------------------------------
Start Flattening Before IO Insertion
---------------------------------------------------------------------------------
---------------------------------------------------------------------------------
Finished Flattening Before IO Insertion
---------------------------------------------------------------------------------
---------------------------------------------------------------------------------
Start Final Netlist Cleanup
---------------------------------------------------------------------------------
INFO: [Synth 8-6064] Net \Inst_student_code/Inst_lc3_computer/mem_EN_reg_rep_n_0  is driving 64 big block pins (URAM, BRAM and DSP loads). Created 7 replicas of its driver. 
INFO: [Synth 8-6064] Net \Inst_student_code/Inst_lc3_computer/mem_EN  is driving 64 big block pins (URAM, BRAM and DSP loads). Created 7 replicas of its driver. 
WARNING: [Synth 8-3332] Sequential element (Inst_student_code/Inst_lc3_computer/mem_EN_reg) is unused and will be removed from module LC3Zybo_top.
WARNING: [Synth 8-3332] Sequential element (Inst_student_code/Inst_lc3_computer/mem_EN_reg_rep) is unused and will be removed from module LC3Zybo_top.
---------------------------------------------------------------------------------
Finished Final Netlist Cleanup
---------------------------------------------------------------------------------
---------------------------------------------------------------------------------
Finished IO Insertion : Time (s): cpu = 00:00:18 ; elapsed = 00:00:35 . Memory (MB): peak = 808.230 ; gain = 556.887
---------------------------------------------------------------------------------

Report Check Netlist: 
+------+------------------+-------+---------+-------+------------------+
|      |Item              |Errors |Warnings |Status |Description       |
+------+------------------+-------+---------+-------+------------------+
|1     |multi_driven_nets |      0|        0|Passed |Multi driven nets |
+------+------------------+-------+---------+-------+------------------+
---------------------------------------------------------------------------------
Start Renaming Generated Instances
---------------------------------------------------------------------------------
---------------------------------------------------------------------------------
Finished Renaming Generated Instances : Time (s): cpu = 00:00:18 ; elapsed = 00:00:35 . Memory (MB): peak = 808.230 ; gain = 556.887
---------------------------------------------------------------------------------

Report RTL Partitions: 
+-+--------------+------------+----------+
| |RTL Partition |Replication |Instances |
+-+--------------+------------+----------+
+-+--------------+------------+----------+
---------------------------------------------------------------------------------
Start Rebuilding User Hierarchy
---------------------------------------------------------------------------------
---------------------------------------------------------------------------------
Finished Rebuilding User Hierarchy : Time (s): cpu = 00:00:18 ; elapsed = 00:00:35 . Memory (MB): peak = 808.230 ; gain = 556.887
---------------------------------------------------------------------------------
---------------------------------------------------------------------------------
Start Renaming Generated Ports
---------------------------------------------------------------------------------
---------------------------------------------------------------------------------
Finished Renaming Generated Ports : Time (s): cpu = 00:00:18 ; elapsed = 00:00:35 . Memory (MB): peak = 808.230 ; gain = 556.887
---------------------------------------------------------------------------------
---------------------------------------------------------------------------------
Start Handling Custom Attributes
---------------------------------------------------------------------------------
---------------------------------------------------------------------------------
Finished Handling Custom Attributes : Time (s): cpu = 00:00:18 ; elapsed = 00:00:35 . Memory (MB): peak = 808.230 ; gain = 556.887
---------------------------------------------------------------------------------
---------------------------------------------------------------------------------
Start Renaming Generated Nets
---------------------------------------------------------------------------------
---------------------------------------------------------------------------------
Finished Renaming Generated Nets : Time (s): cpu = 00:00:18 ; elapsed = 00:00:35 . Memory (MB): peak = 808.230 ; gain = 556.887
---------------------------------------------------------------------------------
---------------------------------------------------------------------------------
Start Writing Synthesis Report
---------------------------------------------------------------------------------

Report BlackBoxes: 
+------+--------------+----------+
|      |BlackBox name |Instances |
+------+--------------+----------+
|1     |ZyboVIO_SE    |         1|
|2     |lc3           |         1|
+------+--------------+----------+

Report Cell Usage: 
+------+------------------+------+
|      |Cell              |Count |
+------+------------------+------+
|1     |ZyboVIO_SE_bbox_1 |     1|
|2     |lc3_bbox_0        |     1|
|3     |CARRY4            |    58|
|4     |LUT1              |   204|
|5     |LUT2              |    25|
|6     |LUT3              |    19|
|7     |LUT4              |    54|
|8     |LUT5              |   227|
|9     |LUT6              |   183|
|10    |RAMB36E1          |     1|
|11    |RAMB36E1_1        |    16|
|12    |RAMB36E1_10       |     1|
|13    |RAMB36E1_11       |     1|
|14    |RAMB36E1_12       |     1|
|15    |RAMB36E1_13       |     1|
|16    |RAMB36E1_14       |     1|
|17    |RAMB36E1_15       |     1|
|18    |RAMB36E1_16       |     1|
|19    |RAMB36E1_2        |     1|
|20    |RAMB36E1_3        |     1|
|21    |RAMB36E1_4        |     1|
|22    |RAMB36E1_5        |     1|
|23    |RAMB36E1_6        |     1|
|24    |RAMB36E1_7        |     1|
|25    |RAMB36E1_8        |     1|
|26    |RAMB36E1_9        |     1|
|27    |FDCE              |    36|
|28    |FDPE              |     2|
|29    |FDRE              |   366|
|30    |FDSE              |     4|
|31    |LD                |    34|
|32    |IBUF              |    10|
|33    |OBUF              |     5|
+------+------------------+------+

Report Instance Areas: 
+------+----------------------------------+-------------------------+------+
|      |Instance                          |Module                   |Cells |
+------+----------------------------------+-------------------------+------+
|1     |top                               |                         |  1318|
|2     |  Inst_ZyboVIOSE_wrapper          |zyboviose_wrapper        |    28|
|3     |  Inst_student_code               |student_code             |   659|
|4     |    Inst_lc3_computer             |lc3_computer             |   434|
|5     |      Counter                     |CounterenTilASM          |    20|
|6     |      LC3_UART                    |uart                     |   233|
|7     |        baud_gen_unit             |mod_m_counter            |    20|
|8     |        fifo_rx_unit              |fifo                     |    73|
|9     |        fifo_tx_unit              |fifo_9                   |    67|
|10    |        uart_rx_unit              |uart_rx                  |    36|
|11    |        uart_tx_unit              |uart_tx                  |    37|
|12    |      lc3_RAM                     |xilinx_one_port_ram_sync |    47|
|13    |      lc3_m                       |lc3_wrapper_multiplexers |    70|
|14    |    lc3_debug_1                   |lc3_debug                |   225|
|15    |      BtnToggle_1                 |BtnToggle                |    62|
|16    |      hand_clk_db                 |debounce_7               |    81|
|17    |      sys_halt_db                 |debounce_8               |    81|
|18    |  \my_debounce[0].Inst_debounce1  |debounce                 |    77|
|19    |  \my_debounce[0].Inst_debounce2  |debounce_0               |    77|
|20    |  \my_debounce[1].Inst_debounce1  |debounce_1               |    77|
|21    |  \my_debounce[1].Inst_debounce2  |debounce_2               |    77|
|22    |  \my_debounce[2].Inst_debounce1  |debounce_3               |    77|
|23    |  \my_debounce[2].Inst_debounce2  |debounce_4               |    77|
|24    |  \my_debounce[3].Inst_debounce1  |debounce_5               |    77|
|25    |  \my_debounce[3].Inst_debounce2  |debounce_6               |    77|
+------+----------------------------------+-------------------------+------+
---------------------------------------------------------------------------------
Finished Writing Synthesis Report : Time (s): cpu = 00:00:18 ; elapsed = 00:00:35 . Memory (MB): peak = 808.230 ; gain = 556.887
---------------------------------------------------------------------------------
Synthesis finished with 0 errors, 0 critical warnings and 5 warnings.
Synthesis Optimization Runtime : Time (s): cpu = 00:00:12 ; elapsed = 00:00:27 . Memory (MB): peak = 808.230 ; gain = 231.172
Synthesis Optimization Complete : Time (s): cpu = 00:00:18 ; elapsed = 00:00:36 . Memory (MB): peak = 808.230 ; gain = 556.887
INFO: [Project 1-571] Translating synthesized netlist
Parsing EDIF File [C:/Users/abdul/OneDrive/Skrivebord/ny vivado 15-06-2023/selveProjekt/selveProjekt.srcs/sources_1/imports/alle filer fra learn/ZyboVIO_SE.edif]
Finished Parsing EDIF File [C:/Users/abdul/OneDrive/Skrivebord/ny vivado 15-06-2023/selveProjekt/selveProjekt.srcs/sources_1/imports/alle filer fra learn/ZyboVIO_SE.edif]
WARNING: [Netlist 29-5] Replacement cell view : ZyboVIO_SE has additional ports (tx_data_out_aa[0]) not seen in its original version.
Parsing EDIF File [C:/Users/abdul/OneDrive/Skrivebord/ny vivado 15-06-2023/selveProjekt/selveProjekt.srcs/sources_1/imports/alle filer fra learn/lc3.edif]
Finished Parsing EDIF File [C:/Users/abdul/OneDrive/Skrivebord/ny vivado 15-06-2023/selveProjekt/selveProjekt.srcs/sources_1/imports/alle filer fra learn/lc3.edif]
INFO: [Netlist 29-17] Analyzing 2806 Unisim elements for replacement
INFO: [Netlist 29-28] Unisim Transformation completed in 0 CPU seconds
INFO: [Project 1-479] Netlist was created with Xilinx ngc2edif P_INT.20180321
INFO: [Project 1-570] Preparing netlist for logic optimization
INFO: [Opt 31-138] Pushed 0 inverter(s) to 0 load pin(s).
INFO: [Project 1-111] Unisim Transformation Summary:
  A total of 1671 instances were transformed.
  (MUXCY,XORCY) => CARRY4: 151 instances
  FD => FDRE: 1001 instances
  FDC => FDCE: 6 instances
  FDE => FDRE: 339 instances
  FDP => FDPE: 2 instances
  INV => LUT1: 121 instances
  LD => LDCE: 34 instances
  MULT_AND => LUT2: 17 instances

INFO: [Common 17-83] Releasing license: Synthesis
116 Infos, 11 Warnings, 0 Critical Warnings and 0 Errors encountered.
synth_design completed successfully
synth_design: Time (s): cpu = 00:00:21 ; elapsed = 00:00:41 . Memory (MB): peak = 812.578 ; gain = 573.930
WARNING: [Constraints 18-5210] No constraint will be written out.
INFO: [Common 17-1381] The checkpoint 'C:/Users/abdul/OneDrive/Skrivebord/ny vivado 15-06-2023/selveProjekt/selveProjekt.runs/synth_1/LC3Zybo_top.dcp' has been generated.
INFO: [runtcl-4] Executing : report_utilization -file LC3Zybo_top_utilization_synth.rpt -pb LC3Zybo_top_utilization_synth.pb
report_utilization: Time (s): cpu = 00:00:00 ; elapsed = 00:00:00.054 . Memory (MB): peak = 812.578 ; gain = 0.000
INFO: [Common 17-206] Exiting Vivado at Thu Jun 15 16:06:33 2023...
